::1 - - [17/Jul/2020:14:22:44 +0000] "GET /favicon.ico HTTP/1.1" 200 1114 "http://localhost:5500/admin/add-product" "Mozilla/5.0 (Windows NT 10.0; Win64; x64) AppleWebKit/537.36 (KHTML, like Gecko) Chrome/84.0.4147.89 Safari/537.36"
::1 - - [17/Jul/2020:14:23:03 +0000] "GET /favicon.ico HTTP/1.1" 304 - "http://localhost:5500/admin/edit-product/2" "Mozilla/5.0 (Windows NT 10.0; Win64; x64) AppleWebKit/537.36 (KHTML, like Gecko) Chrome/84.0.4147.89 Safari/537.36"
::1 - - [17/Jul/2020:14:23:16 +0000] "GET /favicon.ico HTTP/1.1" 304 - "http://localhost:5500/admin/products" "Mozilla/5.0 (Windows NT 10.0; Win64; x64) AppleWebKit/537.36 (KHTML, like Gecko) Chrome/84.0.4147.89 Safari/537.36"
::1 - - [17/Jul/2020:14:23:24 +0000] "GET /favicon.ico HTTP/1.1" 304 - "http://localhost:5500/" "Mozilla/5.0 (Windows NT 10.0; Win64; x64) AppleWebKit/537.36 (KHTML, like Gecko) Chrome/84.0.4147.89 Safari/537.36"
::1 - - [17/Jul/2020:14:23:27 +0000] "GET /favicon.ico HTTP/1.1" 304 - "http://localhost:5500/products" "Mozilla/5.0 (Windows NT 10.0; Win64; x64) AppleWebKit/537.36 (KHTML, like Gecko) Chrome/84.0.4147.89 Safari/537.36"
::1 - - [17/Jul/2020:14:23:30 +0000] "GET /favicon.ico HTTP/1.1" 304 - "http://localhost:5500/products/1" "Mozilla/5.0 (Windows NT 10.0; Win64; x64) AppleWebKit/537.36 (KHTML, like Gecko) Chrome/84.0.4147.89 Safari/537.36"
::1 - - [17/Jul/2020:14:23:33 +0000] "GET /favicon.ico HTTP/1.1" 304 - "http://localhost:5500/cart" "Mozilla/5.0 (Windows NT 10.0; Win64; x64) AppleWebKit/537.36 (KHTML, like Gecko) Chrome/84.0.4147.89 Safari/537.36"
::1 - - [17/Jul/2020:14:24:05 +0000] "GET /favicon.ico HTTP/1.1" 304 - "http://localhost:5500/" "Mozilla/5.0 (Windows NT 10.0; Win64; x64) AppleWebKit/537.36 (KHTML, like Gecko) Chrome/84.0.4147.89 Safari/537.36"
::1 - - [17/Jul/2020:14:24:05 +0000] "GET /favicon.ico HTTP/1.1" 304 - "http://localhost:5500/products" "Mozilla/5.0 (Windows NT 10.0; Win64; x64) AppleWebKit/537.36 (KHTML, like Gecko) Chrome/84.0.4147.89 Safari/537.36"
::1 - - [17/Jul/2020:14:24:07 +0000] "GET /favicon.ico HTTP/1.1" 304 - "http://localhost:5500/cart" "Mozilla/5.0 (Windows NT 10.0; Win64; x64) AppleWebKit/537.36 (KHTML, like Gecko) Chrome/84.0.4147.89 Safari/537.36"
::1 - - [17/Jul/2020:14:24:11 +0000] "GET /favicon.ico HTTP/1.1" 304 - "http://localhost:5500/" "Mozilla/5.0 (Windows NT 10.0; Win64; x64) AppleWebKit/537.36 (KHTML, like Gecko) Chrome/84.0.4147.89 Safari/537.36"
::1 - - [17/Jul/2020:14:24:12 +0000] "GET /favicon.ico HTTP/1.1" 304 - "http://localhost:5500/cart" "Mozilla/5.0 (Windows NT 10.0; Win64; x64) AppleWebKit/537.36 (KHTML, like Gecko) Chrome/84.0.4147.89 Safari/537.36"
::1 - - [17/Jul/2020:14:24:15 +0000] "GET /favicon.ico HTTP/1.1" 304 - "http://localhost:5500/orders" "Mozilla/5.0 (Windows NT 10.0; Win64; x64) AppleWebKit/537.36 (KHTML, like Gecko) Chrome/84.0.4147.89 Safari/537.36"
::1 - - [17/Jul/2020:14:24:17 +0000] "GET /favicon.ico HTTP/1.1" 304 - "http://localhost:5500/cart" "Mozilla/5.0 (Windows NT 10.0; Win64; x64) AppleWebKit/537.36 (KHTML, like Gecko) Chrome/84.0.4147.89 Safari/537.36"
::1 - - [17/Jul/2020:14:24:19 +0000] "GET /favicon.ico HTTP/1.1" 304 - "http://localhost:5500/products" "Mozilla/5.0 (Windows NT 10.0; Win64; x64) AppleWebKit/537.36 (KHTML, like Gecko) Chrome/84.0.4147.89 Safari/537.36"
::1 - - [17/Jul/2020:14:24:21 +0000] "GET /favicon.ico HTTP/1.1" 304 - "http://localhost:5500/admin/add-product" "Mozilla/5.0 (Windows NT 10.0; Win64; x64) AppleWebKit/537.36 (KHTML, like Gecko) Chrome/84.0.4147.89 Safari/537.36"
::1 - - [17/Jul/2020:14:24:24 +0000] "GET /favicon.ico HTTP/1.1" 304 - "http://localhost:5500/cart" "Mozilla/5.0 (Windows NT 10.0; Win64; x64) AppleWebKit/537.36 (KHTML, like Gecko) Chrome/84.0.4147.89 Safari/537.36"
::1 - - [17/Jul/2020:14:24:25 +0000] "GET /favicon.ico HTTP/1.1" 304 - "http://localhost:5500/products" "Mozilla/5.0 (Windows NT 10.0; Win64; x64) AppleWebKit/537.36 (KHTML, like Gecko) Chrome/84.0.4147.89 Safari/537.36"
::1 - - [17/Jul/2020:14:24:27 +0000] "GET /favicon.ico HTTP/1.1" 304 - "http://localhost:5500/products/1" "Mozilla/5.0 (Windows NT 10.0; Win64; x64) AppleWebKit/537.36 (KHTML, like Gecko) Chrome/84.0.4147.89 Safari/537.36"
::1 - - [17/Jul/2020:14:24:29 +0000] "GET /favicon.ico HTTP/1.1" 304 - "http://localhost:5500/admin/products" "Mozilla/5.0 (Windows NT 10.0; Win64; x64) AppleWebKit/537.36 (KHTML, like Gecko) Chrome/84.0.4147.89 Safari/537.36"
::1 - - [17/Jul/2020:14:24:32 +0000] "GET /favicon.ico HTTP/1.1" 304 - "http://localhost:5500/" "Mozilla/5.0 (Windows NT 10.0; Win64; x64) AppleWebKit/537.36 (KHTML, like Gecko) Chrome/84.0.4147.89 Safari/537.36"
::1 - - [17/Jul/2020:14:24:34 +0000] "GET /favicon.ico HTTP/1.1" 304 - "http://localhost:5500/" "Mozilla/5.0 (Windows NT 10.0; Win64; x64) AppleWebKit/537.36 (KHTML, like Gecko) Chrome/84.0.4147.89 Safari/537.36"
::1 - - [17/Jul/2020:16:04:02 +0000] "GET /favicon.ico HTTP/1.1" 304 - "http://localhost:5500/admin/add-product" "Mozilla/5.0 (Windows NT 10.0; Win64; x64) AppleWebKit/537.36 (KHTML, like Gecko) Chrome/84.0.4147.89 Safari/537.36"
::1 - - [17/Jul/2020:16:04:03 +0000] "GET /favicon.ico HTTP/1.1" 304 - "http://localhost:5500/" "Mozilla/5.0 (Windows NT 10.0; Win64; x64) AppleWebKit/537.36 (KHTML, like Gecko) Chrome/84.0.4147.89 Safari/537.36"
::1 - - [17/Jul/2020:16:04:06 +0000] "GET /favicon.ico HTTP/1.1" 304 - "http://localhost:5500/admin/products" "Mozilla/5.0 (Windows NT 10.0; Win64; x64) AppleWebKit/537.36 (KHTML, like Gecko) Chrome/84.0.4147.89 Safari/537.36"
::1 - - [17/Jul/2020:16:04:08 +0000] "GET /favicon.ico HTTP/1.1" 304 - "http://localhost:5500/admin/edit-product/4" "Mozilla/5.0 (Windows NT 10.0; Win64; x64) AppleWebKit/537.36 (KHTML, like Gecko) Chrome/84.0.4147.89 Safari/537.36"
::1 - - [17/Jul/2020:16:04:12 +0000] "GET /favicon.ico HTTP/1.1" 304 - "http://localhost:5500/admin/products" "Mozilla/5.0 (Windows NT 10.0; Win64; x64) AppleWebKit/537.36 (KHTML, like Gecko) Chrome/84.0.4147.89 Safari/537.36"
::1 - - [17/Jul/2020:16:05:14 +0000] "GET /favicon.ico HTTP/1.1" 304 - "http://localhost:5500/admin/edit-product/4" "Mozilla/5.0 (Windows NT 10.0; Win64; x64) AppleWebKit/537.36 (KHTML, like Gecko) Chrome/84.0.4147.89 Safari/537.36"
::1 - - [17/Jul/2020:16:05:24 +0000] "GET /favicon.ico HTTP/1.1" 304 - "http://localhost:5500/admin/products" "Mozilla/5.0 (Windows NT 10.0; Win64; x64) AppleWebKit/537.36 (KHTML, like Gecko) Chrome/84.0.4147.89 Safari/537.36"
::1 - - [17/Jul/2020:16:05:59 +0000] "GET /favicon.ico HTTP/1.1" 304 - "http://localhost:5500/admin/edit-product/3" "Mozilla/5.0 (Windows NT 10.0; Win64; x64) AppleWebKit/537.36 (KHTML, like Gecko) Chrome/84.0.4147.89 Safari/537.36"
::1 - - [17/Jul/2020:16:06:04 +0000] "GET /favicon.ico HTTP/1.1" 304 - "http://localhost:5500/admin/products" "Mozilla/5.0 (Windows NT 10.0; Win64; x64) AppleWebKit/537.36 (KHTML, like Gecko) Chrome/84.0.4147.89 Safari/537.36"
::1 - - [17/Jul/2020:16:06:14 +0000] "GET /favicon.ico HTTP/1.1" 304 - "http://localhost:5500/admin/edit-product/4" "Mozilla/5.0 (Windows NT 10.0; Win64; x64) AppleWebKit/537.36 (KHTML, like Gecko) Chrome/84.0.4147.89 Safari/537.36"
::1 - - [17/Jul/2020:16:06:21 +0000] "GET /favicon.ico HTTP/1.1" 304 - "http://localhost:5500/admin/products" "Mozilla/5.0 (Windows NT 10.0; Win64; x64) AppleWebKit/537.36 (KHTML, like Gecko) Chrome/84.0.4147.89 Safari/537.36"
::1 - - [17/Jul/2020:16:09:01 +0000] "GET /favicon.ico HTTP/1.1" 304 - "http://localhost:5500/admin/products" "Mozilla/5.0 (Windows NT 10.0; Win64; x64) AppleWebKit/537.36 (KHTML, like Gecko) Chrome/84.0.4147.89 Safari/537.36"
::1 - - [17/Jul/2020:16:09:02 +0000] "GET /favicon.ico HTTP/1.1" 304 - "http://localhost:5500/" "Mozilla/5.0 (Windows NT 10.0; Win64; x64) AppleWebKit/537.36 (KHTML, like Gecko) Chrome/84.0.4147.89 Safari/537.36"
::1 - - [17/Jul/2020:16:09:03 +0000] "GET /favicon.ico HTTP/1.1" 304 - "http://localhost:5500/admin/products" "Mozilla/5.0 (Windows NT 10.0; Win64; x64) AppleWebKit/537.36 (KHTML, like Gecko) Chrome/84.0.4147.89 Safari/537.36"
::1 - - [17/Jul/2020:16:10:48 +0000] "GET /favicon.ico HTTP/1.1" 304 - "http://localhost:5500/admin/edit-product/2" "Mozilla/5.0 (Windows NT 10.0; Win64; x64) AppleWebKit/537.36 (KHTML, like Gecko) Chrome/84.0.4147.89 Safari/537.36"
::1 - - [17/Jul/2020:16:10:57 +0000] "GET /favicon.ico HTTP/1.1" 304 - "http://localhost:5500/admin/products" "Mozilla/5.0 (Windows NT 10.0; Win64; x64) AppleWebKit/537.36 (KHTML, like Gecko) Chrome/84.0.4147.89 Safari/537.36"
::1 - - [17/Jul/2020:16:11:49 +0000] "GET /favicon.ico HTTP/1.1" 304 - "http://localhost:5500/admin/edit-product/3" "Mozilla/5.0 (Windows NT 10.0; Win64; x64) AppleWebKit/537.36 (KHTML, like Gecko) Chrome/84.0.4147.89 Safari/537.36"
::1 - - [17/Jul/2020:16:11:57 +0000] "GET /favicon.ico HTTP/1.1" 304 - "http://localhost:5500/admin/products" "Mozilla/5.0 (Windows NT 10.0; Win64; x64) AppleWebKit/537.36 (KHTML, like Gecko) Chrome/84.0.4147.89 Safari/537.36"
::1 - - [17/Jul/2020:16:12:43 +0000] "GET /favicon.ico HTTP/1.1" 304 - "http://localhost:5500/admin/edit-product/2" "Mozilla/5.0 (Windows NT 10.0; Win64; x64) AppleWebKit/537.36 (KHTML, like Gecko) Chrome/84.0.4147.89 Safari/537.36"
::1 - - [17/Jul/2020:16:12:46 +0000] "GET /favicon.ico HTTP/1.1" 304 - "http://localhost:5500/admin/products" "Mozilla/5.0 (Windows NT 10.0; Win64; x64) AppleWebKit/537.36 (KHTML, like Gecko) Chrome/84.0.4147.89 Safari/537.36"
::1 - - [17/Jul/2020:16:12:47 +0000] "GET /favicon.ico HTTP/1.1" 304 - "http://localhost:5500/admin/edit-product/4" "Mozilla/5.0 (Windows NT 10.0; Win64; x64) AppleWebKit/537.36 (KHTML, like Gecko) Chrome/84.0.4147.89 Safari/537.36"
::1 - - [17/Jul/2020:16:12:54 +0000] "GET /favicon.ico HTTP/1.1" 304 - "http://localhost:5500/admin/products" "Mozilla/5.0 (Windows NT 10.0; Win64; x64) AppleWebKit/537.36 (KHTML, like Gecko) Chrome/84.0.4147.89 Safari/537.36"
::1 - - [17/Jul/2020:16:13:22 +0000] "GET /favicon.ico HTTP/1.1" 304 - "http://localhost:5500/admin/edit-product/1" "Mozilla/5.0 (Windows NT 10.0; Win64; x64) AppleWebKit/537.36 (KHTML, like Gecko) Chrome/84.0.4147.89 Safari/537.36"
::1 - - [17/Jul/2020:16:13:26 +0000] "GET /favicon.ico HTTP/1.1" 304 - "http://localhost:5500/admin/products" "Mozilla/5.0 (Windows NT 10.0; Win64; x64) AppleWebKit/537.36 (KHTML, like Gecko) Chrome/84.0.4147.89 Safari/537.36"
::1 - - [17/Jul/2020:16:13:31 +0000] "GET /favicon.ico HTTP/1.1" 304 - "http://localhost:5500/admin/edit-product/2" "Mozilla/5.0 (Windows NT 10.0; Win64; x64) AppleWebKit/537.36 (KHTML, like Gecko) Chrome/84.0.4147.89 Safari/537.36"
::1 - - [17/Jul/2020:16:13:35 +0000] "GET /favicon.ico HTTP/1.1" 304 - "http://localhost:5500/admin/products" "Mozilla/5.0 (Windows NT 10.0; Win64; x64) AppleWebKit/537.36 (KHTML, like Gecko) Chrome/84.0.4147.89 Safari/537.36"
