::1 - - [18/Jul/2020:06:40:47 +0000] "GET /admin/add-product HTTP/1.1" 200 2133 "-" "Mozilla/5.0 (Windows NT 10.0; Win64; x64) AppleWebKit/537.36 (KHTML, like Gecko) Chrome/84.0.4147.89 Safari/537.36"
::1 - - [18/Jul/2020:06:40:48 +0000] "GET /favicon.ico HTTP/1.1" 200 1043 "http://localhost:5500/admin/add-product" "Mozilla/5.0 (Windows NT 10.0; Win64; x64) AppleWebKit/537.36 (KHTML, like Gecko) Chrome/84.0.4147.89 Safari/537.36"
::1 - - [18/Jul/2020:06:40:49 +0000] "GET /admin/products HTTP/1.1" 200 1043 "http://localhost:5500/admin/add-product" "Mozilla/5.0 (Windows NT 10.0; Win64; x64) AppleWebKit/537.36 (KHTML, like Gecko) Chrome/84.0.4147.89 Safari/537.36"
::1 - - [18/Jul/2020:06:40:49 +0000] "GET /favicon.ico HTTP/1.1" 304 - "http://localhost:5500/admin/products" "Mozilla/5.0 (Windows NT 10.0; Win64; x64) AppleWebKit/537.36 (KHTML, like Gecko) Chrome/84.0.4147.89 Safari/537.36"
::1 - - [18/Jul/2020:06:40:52 +0000] "GET /admin/add-product HTTP/1.1" 304 - "http://localhost:5500/admin/products" "Mozilla/5.0 (Windows NT 10.0; Win64; x64) AppleWebKit/537.36 (KHTML, like Gecko) Chrome/84.0.4147.89 Safari/537.36"
::1 - - [18/Jul/2020:06:40:52 +0000] "GET /favicon.ico HTTP/1.1" 304 - "http://localhost:5500/admin/add-product" "Mozilla/5.0 (Windows NT 10.0; Win64; x64) AppleWebKit/537.36 (KHTML, like Gecko) Chrome/84.0.4147.89 Safari/537.36"
::1 - - [18/Jul/2020:06:41:07 +0000] "POST /admin/add-product HTTP/1.1" 500 1295 "http://localhost:5500/admin/add-product" "Mozilla/5.0 (Windows NT 10.0; Win64; x64) AppleWebKit/537.36 (KHTML, like Gecko) Chrome/84.0.4147.89 Safari/537.36"
::1 - - [18/Jul/2020:06:49:12 +0000] "GET /admin/add-product HTTP/1.1" 200 2133 "-" "Mozilla/5.0 (Windows NT 10.0; Win64; x64) AppleWebKit/537.36 (KHTML, like Gecko) Chrome/84.0.4147.89 Safari/537.36"
::1 - - [18/Jul/2020:06:49:12 +0000] "GET /favicon.ico HTTP/1.1" 200 1043 "http://localhost:5500/admin/add-product" "Mozilla/5.0 (Windows NT 10.0; Win64; x64) AppleWebKit/537.36 (KHTML, like Gecko) Chrome/84.0.4147.89 Safari/537.36"
::1 - - [18/Jul/2020:06:49:19 +0000] "POST /admin/add-product HTTP/1.1" 500 1296 "http://localhost:5500/admin/add-product" "Mozilla/5.0 (Windows NT 10.0; Win64; x64) AppleWebKit/537.36 (KHTML, like Gecko) Chrome/84.0.4147.89 Safari/537.36"
::1 - - [18/Jul/2020:06:50:00 +0000] "GET /admin/add-product HTTP/1.1" 200 2133 "-" "Mozilla/5.0 (Windows NT 10.0; Win64; x64) AppleWebKit/537.36 (KHTML, like Gecko) Chrome/84.0.4147.89 Safari/537.36"
::1 - - [18/Jul/2020:06:50:00 +0000] "GET /favicon.ico HTTP/1.1" 200 1043 "http://localhost:5500/admin/add-product" "Mozilla/5.0 (Windows NT 10.0; Win64; x64) AppleWebKit/537.36 (KHTML, like Gecko) Chrome/84.0.4147.89 Safari/537.36"
::1 - - [18/Jul/2020:06:50:09 +0000] "POST /admin/add-product HTTP/1.1" 302 74 "http://localhost:5500/admin/add-product" "Mozilla/5.0 (Windows NT 10.0; Win64; x64) AppleWebKit/537.36 (KHTML, like Gecko) Chrome/84.0.4147.89 Safari/537.36"
::1 - - [18/Jul/2020:06:50:09 +0000] "GET /admin/products HTTP/1.1" 200 1043 "http://localhost:5500/admin/add-product" "Mozilla/5.0 (Windows NT 10.0; Win64; x64) AppleWebKit/537.36 (KHTML, like Gecko) Chrome/84.0.4147.89 Safari/537.36"
::1 - - [18/Jul/2020:06:50:09 +0000] "GET /favicon.ico HTTP/1.1" 200 1043 "http://localhost:5500/admin/products" "Mozilla/5.0 (Windows NT 10.0; Win64; x64) AppleWebKit/537.36 (KHTML, like Gecko) Chrome/84.0.4147.89 Safari/537.36"
::1 - - [18/Jul/2020:06:59:56 +0000] "GET /admin/add-product HTTP/1.1" 200 2133 "http://localhost:5500/admin/products" "Mozilla/5.0 (Windows NT 10.0; Win64; x64) AppleWebKit/537.36 (KHTML, like Gecko) Chrome/84.0.4147.89 Safari/537.36"
::1 - - [18/Jul/2020:06:59:56 +0000] "GET /favicon.ico HTTP/1.1" 200 1043 "http://localhost:5500/admin/add-product" "Mozilla/5.0 (Windows NT 10.0; Win64; x64) AppleWebKit/537.36 (KHTML, like Gecko) Chrome/84.0.4147.89 Safari/537.36"
::1 - - [18/Jul/2020:06:59:58 +0000] "POST /admin/add-product HTTP/1.1" 302 74 "http://localhost:5500/admin/add-product" "Mozilla/5.0 (Windows NT 10.0; Win64; x64) AppleWebKit/537.36 (KHTML, like Gecko) Chrome/84.0.4147.89 Safari/537.36"
::1 - - [18/Jul/2020:06:59:58 +0000] "GET /admin/products HTTP/1.1" 200 1043 "http://localhost:5500/admin/add-product" "Mozilla/5.0 (Windows NT 10.0; Win64; x64) AppleWebKit/537.36 (KHTML, like Gecko) Chrome/84.0.4147.89 Safari/537.36"
::1 - - [18/Jul/2020:06:59:58 +0000] "GET /favicon.ico HTTP/1.1" 200 1043 "http://localhost:5500/admin/products" "Mozilla/5.0 (Windows NT 10.0; Win64; x64) AppleWebKit/537.36 (KHTML, like Gecko) Chrome/84.0.4147.89 Safari/537.36"
::1 - - [18/Jul/2020:07:11:08 +0000] "GET /admin/add-product HTTP/1.1" 200 2133 "http://localhost:5500/admin/products" "Mozilla/5.0 (Windows NT 10.0; Win64; x64) AppleWebKit/537.36 (KHTML, like Gecko) Chrome/84.0.4147.89 Safari/537.36"
::1 - - [18/Jul/2020:07:11:08 +0000] "GET /favicon.ico HTTP/1.1" 200 1043 "http://localhost:5500/admin/add-product" "Mozilla/5.0 (Windows NT 10.0; Win64; x64) AppleWebKit/537.36 (KHTML, like Gecko) Chrome/84.0.4147.89 Safari/537.36"
::1 - - [18/Jul/2020:07:11:10 +0000] "GET /admin/products HTTP/1.1" 200 1043 "http://localhost:5500/admin/add-product" "Mozilla/5.0 (Windows NT 10.0; Win64; x64) AppleWebKit/537.36 (KHTML, like Gecko) Chrome/84.0.4147.89 Safari/537.36"
::1 - - [18/Jul/2020:07:11:10 +0000] "GET /favicon.ico HTTP/1.1" 200 1043 "http://localhost:5500/admin/products" "Mozilla/5.0 (Windows NT 10.0; Win64; x64) AppleWebKit/537.36 (KHTML, like Gecko) Chrome/84.0.4147.89 Safari/537.36"
::1 - - [18/Jul/2020:07:15:10 +0000] "GET /admin/products HTTP/1.1" 200 1043 "http://localhost:5500/admin/products" "Mozilla/5.0 (Windows NT 10.0; Win64; x64) AppleWebKit/537.36 (KHTML, like Gecko) Chrome/84.0.4147.89 Safari/537.36"
::1 - - [18/Jul/2020:07:15:10 +0000] "GET /favicon.ico HTTP/1.1" 200 1043 "http://localhost:5500/admin/products" "Mozilla/5.0 (Windows NT 10.0; Win64; x64) AppleWebKit/537.36 (KHTML, like Gecko) Chrome/84.0.4147.89 Safari/537.36"
::1 - - [18/Jul/2020:07:15:11 +0000] "GET / HTTP/1.1" 200 1043 "http://localhost:5500/admin/products" "Mozilla/5.0 (Windows NT 10.0; Win64; x64) AppleWebKit/537.36 (KHTML, like Gecko) Chrome/84.0.4147.89 Safari/537.36"
::1 - - [18/Jul/2020:07:15:11 +0000] "GET /favicon.ico HTTP/1.1" 200 1043 "http://localhost:5500/" "Mozilla/5.0 (Windows NT 10.0; Win64; x64) AppleWebKit/537.36 (KHTML, like Gecko) Chrome/84.0.4147.89 Safari/537.36"
::1 - - [18/Jul/2020:07:15:13 +0000] "GET /products HTTP/1.1" 200 1043 "http://localhost:5500/" "Mozilla/5.0 (Windows NT 10.0; Win64; x64) AppleWebKit/537.36 (KHTML, like Gecko) Chrome/84.0.4147.89 Safari/537.36"
::1 - - [18/Jul/2020:07:15:13 +0000] "GET /favicon.ico HTTP/1.1" 200 1043 "http://localhost:5500/products" "Mozilla/5.0 (Windows NT 10.0; Win64; x64) AppleWebKit/537.36 (KHTML, like Gecko) Chrome/84.0.4147.89 Safari/537.36"
::1 - - [18/Jul/2020:07:15:14 +0000] "GET / HTTP/1.1" 200 1043 "http://localhost:5500/products" "Mozilla/5.0 (Windows NT 10.0; Win64; x64) AppleWebKit/537.36 (KHTML, like Gecko) Chrome/84.0.4147.89 Safari/537.36"
::1 - - [18/Jul/2020:07:15:14 +0000] "GET /favicon.ico HTTP/1.1" 200 1043 "http://localhost:5500/" "Mozilla/5.0 (Windows NT 10.0; Win64; x64) AppleWebKit/537.36 (KHTML, like Gecko) Chrome/84.0.4147.89 Safari/537.36"
::1 - - [18/Jul/2020:07:15:14 +0000] "GET /cart HTTP/1.1" 200 1043 "http://localhost:5500/" "Mozilla/5.0 (Windows NT 10.0; Win64; x64) AppleWebKit/537.36 (KHTML, like Gecko) Chrome/84.0.4147.89 Safari/537.36"
::1 - - [18/Jul/2020:07:15:15 +0000] "GET /favicon.ico HTTP/1.1" 200 1043 "http://localhost:5500/cart" "Mozilla/5.0 (Windows NT 10.0; Win64; x64) AppleWebKit/537.36 (KHTML, like Gecko) Chrome/84.0.4147.89 Safari/537.36"
::1 - - [18/Jul/2020:07:15:15 +0000] "GET /orders HTTP/1.1" 200 1043 "http://localhost:5500/cart" "Mozilla/5.0 (Windows NT 10.0; Win64; x64) AppleWebKit/537.36 (KHTML, like Gecko) Chrome/84.0.4147.89 Safari/537.36"
::1 - - [18/Jul/2020:07:15:15 +0000] "GET /favicon.ico HTTP/1.1" 200 1043 "http://localhost:5500/orders" "Mozilla/5.0 (Windows NT 10.0; Win64; x64) AppleWebKit/537.36 (KHTML, like Gecko) Chrome/84.0.4147.89 Safari/537.36"
::1 - - [18/Jul/2020:07:15:16 +0000] "GET /admin/add-product HTTP/1.1" 200 2133 "http://localhost:5500/orders" "Mozilla/5.0 (Windows NT 10.0; Win64; x64) AppleWebKit/537.36 (KHTML, like Gecko) Chrome/84.0.4147.89 Safari/537.36"
::1 - - [18/Jul/2020:07:15:16 +0000] "GET /favicon.ico HTTP/1.1" 200 1043 "http://localhost:5500/admin/add-product" "Mozilla/5.0 (Windows NT 10.0; Win64; x64) AppleWebKit/537.36 (KHTML, like Gecko) Chrome/84.0.4147.89 Safari/537.36"
::1 - - [18/Jul/2020:07:15:17 +0000] "GET /admin/products HTTP/1.1" 200 1043 "http://localhost:5500/admin/add-product" "Mozilla/5.0 (Windows NT 10.0; Win64; x64) AppleWebKit/537.36 (KHTML, like Gecko) Chrome/84.0.4147.89 Safari/537.36"
::1 - - [18/Jul/2020:07:15:17 +0000] "GET /favicon.ico HTTP/1.1" 200 1043 "http://localhost:5500/admin/products" "Mozilla/5.0 (Windows NT 10.0; Win64; x64) AppleWebKit/537.36 (KHTML, like Gecko) Chrome/84.0.4147.89 Safari/537.36"
::1 - - [18/Jul/2020:07:15:18 +0000] "GET /admin/add-product HTTP/1.1" 200 2133 "http://localhost:5500/admin/products" "Mozilla/5.0 (Windows NT 10.0; Win64; x64) AppleWebKit/537.36 (KHTML, like Gecko) Chrome/84.0.4147.89 Safari/537.36"
::1 - - [18/Jul/2020:07:15:18 +0000] "GET /favicon.ico HTTP/1.1" 200 1043 "http://localhost:5500/admin/add-product" "Mozilla/5.0 (Windows NT 10.0; Win64; x64) AppleWebKit/537.36 (KHTML, like Gecko) Chrome/84.0.4147.89 Safari/537.36"
::1 - - [18/Jul/2020:07:15:19 +0000] "GET / HTTP/1.1" 200 1043 "http://localhost:5500/admin/add-product" "Mozilla/5.0 (Windows NT 10.0; Win64; x64) AppleWebKit/537.36 (KHTML, like Gecko) Chrome/84.0.4147.89 Safari/537.36"
::1 - - [18/Jul/2020:07:15:20 +0000] "GET /favicon.ico HTTP/1.1" 200 1043 "http://localhost:5500/" "Mozilla/5.0 (Windows NT 10.0; Win64; x64) AppleWebKit/537.36 (KHTML, like Gecko) Chrome/84.0.4147.89 Safari/537.36"
::1 - - [18/Jul/2020:07:15:22 +0000] "GET /products HTTP/1.1" 200 1043 "http://localhost:5500/" "Mozilla/5.0 (Windows NT 10.0; Win64; x64) AppleWebKit/537.36 (KHTML, like Gecko) Chrome/84.0.4147.89 Safari/537.36"
::1 - - [18/Jul/2020:07:15:22 +0000] "GET /favicon.ico HTTP/1.1" 200 1043 "http://localhost:5500/products" "Mozilla/5.0 (Windows NT 10.0; Win64; x64) AppleWebKit/537.36 (KHTML, like Gecko) Chrome/84.0.4147.89 Safari/537.36"
::1 - - [18/Jul/2020:07:15:26 +0000] "GET /products HTTP/1.1" 200 1043 "http://localhost:5500/products" "Mozilla/5.0 (Windows NT 10.0; Win64; x64) AppleWebKit/537.36 (KHTML, like Gecko) Chrome/84.0.4147.89 Safari/537.36"
::1 - - [18/Jul/2020:07:15:27 +0000] "GET /favicon.ico HTTP/1.1" 200 1043 "http://localhost:5500/products" "Mozilla/5.0 (Windows NT 10.0; Win64; x64) AppleWebKit/537.36 (KHTML, like Gecko) Chrome/84.0.4147.89 Safari/537.36"
::1 - - [18/Jul/2020:07:16:09 +0000] "GET /products HTTP/1.1" 200 1043 "http://localhost:5500/products" "Mozilla/5.0 (Windows NT 10.0; Win64; x64) AppleWebKit/537.36 (KHTML, like Gecko) Chrome/84.0.4147.89 Safari/537.36"
::1 - - [18/Jul/2020:07:16:09 +0000] "GET /favicon.ico HTTP/1.1" 200 1043 "http://localhost:5500/products" "Mozilla/5.0 (Windows NT 10.0; Win64; x64) AppleWebKit/537.36 (KHTML, like Gecko) Chrome/84.0.4147.89 Safari/537.36"
::1 - - [18/Jul/2020:07:16:13 +0000] "GET / HTTP/1.1" 200 1043 "http://localhost:5500/products" "Mozilla/5.0 (Windows NT 10.0; Win64; x64) AppleWebKit/537.36 (KHTML, like Gecko) Chrome/84.0.4147.89 Safari/537.36"
::1 - - [18/Jul/2020:07:16:14 +0000] "GET /favicon.ico HTTP/1.1" 200 1043 "http://localhost:5500/" "Mozilla/5.0 (Windows NT 10.0; Win64; x64) AppleWebKit/537.36 (KHTML, like Gecko) Chrome/84.0.4147.89 Safari/537.36"
::1 - - [18/Jul/2020:07:17:05 +0000] "GET /admin/products HTTP/1.1" 200 1043 "http://localhost:5500/" "Mozilla/5.0 (Windows NT 10.0; Win64; x64) AppleWebKit/537.36 (KHTML, like Gecko) Chrome/84.0.4147.89 Safari/537.36"
::1 - - [18/Jul/2020:07:17:05 +0000] "GET /favicon.ico HTTP/1.1" 200 1043 "http://localhost:5500/admin/products" "Mozilla/5.0 (Windows NT 10.0; Win64; x64) AppleWebKit/537.36 (KHTML, like Gecko) Chrome/84.0.4147.89 Safari/537.36"
::1 - - [18/Jul/2020:07:17:06 +0000] "GET /products HTTP/1.1" 200 1043 "http://localhost:5500/admin/products" "Mozilla/5.0 (Windows NT 10.0; Win64; x64) AppleWebKit/537.36 (KHTML, like Gecko) Chrome/84.0.4147.89 Safari/537.36"
::1 - - [18/Jul/2020:07:17:06 +0000] "GET /favicon.ico HTTP/1.1" 200 1043 "http://localhost:5500/products" "Mozilla/5.0 (Windows NT 10.0; Win64; x64) AppleWebKit/537.36 (KHTML, like Gecko) Chrome/84.0.4147.89 Safari/537.36"
::1 - - [18/Jul/2020:07:17:08 +0000] "GET / HTTP/1.1" 200 1043 "http://localhost:5500/products" "Mozilla/5.0 (Windows NT 10.0; Win64; x64) AppleWebKit/537.36 (KHTML, like Gecko) Chrome/84.0.4147.89 Safari/537.36"
::1 - - [18/Jul/2020:07:17:09 +0000] "GET /favicon.ico HTTP/1.1" 200 1043 "http://localhost:5500/" "Mozilla/5.0 (Windows NT 10.0; Win64; x64) AppleWebKit/537.36 (KHTML, like Gecko) Chrome/84.0.4147.89 Safari/537.36"
::1 - - [18/Jul/2020:07:18:47 +0000] "GET / HTTP/1.1" 200 1043 "http://localhost:5500/" "Mozilla/5.0 (Windows NT 10.0; Win64; x64) AppleWebKit/537.36 (KHTML, like Gecko) Chrome/84.0.4147.89 Safari/537.36"
::1 - - [18/Jul/2020:07:18:48 +0000] "GET /favicon.ico HTTP/1.1" 200 1043 "http://localhost:5500/" "Mozilla/5.0 (Windows NT 10.0; Win64; x64) AppleWebKit/537.36 (KHTML, like Gecko) Chrome/84.0.4147.89 Safari/537.36"
::1 - - [18/Jul/2020:07:18:49 +0000] "GET /products HTTP/1.1" 200 1043 "http://localhost:5500/" "Mozilla/5.0 (Windows NT 10.0; Win64; x64) AppleWebKit/537.36 (KHTML, like Gecko) Chrome/84.0.4147.89 Safari/537.36"
::1 - - [18/Jul/2020:07:18:49 +0000] "GET /favicon.ico HTTP/1.1" 200 1043 "http://localhost:5500/products" "Mozilla/5.0 (Windows NT 10.0; Win64; x64) AppleWebKit/537.36 (KHTML, like Gecko) Chrome/84.0.4147.89 Safari/537.36"
::1 - - [18/Jul/2020:07:19:59 +0000] "GET / HTTP/1.1" 200 1043 "http://localhost:5500/products" "Mozilla/5.0 (Windows NT 10.0; Win64; x64) AppleWebKit/537.36 (KHTML, like Gecko) Chrome/84.0.4147.89 Safari/537.36"
::1 - - [18/Jul/2020:07:19:59 +0000] "GET /favicon.ico HTTP/1.1" 200 1043 "http://localhost:5500/" "Mozilla/5.0 (Windows NT 10.0; Win64; x64) AppleWebKit/537.36 (KHTML, like Gecko) Chrome/84.0.4147.89 Safari/537.36"
::1 - - [18/Jul/2020:07:20:00 +0000] "GET / HTTP/1.1" 200 1043 "http://localhost:5500/" "Mozilla/5.0 (Windows NT 10.0; Win64; x64) AppleWebKit/537.36 (KHTML, like Gecko) Chrome/84.0.4147.89 Safari/537.36"
::1 - - [18/Jul/2020:07:20:00 +0000] "GET /favicon.ico HTTP/1.1" 200 1043 "http://localhost:5500/" "Mozilla/5.0 (Windows NT 10.0; Win64; x64) AppleWebKit/537.36 (KHTML, like Gecko) Chrome/84.0.4147.89 Safari/537.36"
::1 - - [18/Jul/2020:07:20:31 +0000] "GET / HTTP/1.1" 200 1043 "http://localhost:5500/" "Mozilla/5.0 (Windows NT 10.0; Win64; x64) AppleWebKit/537.36 (KHTML, like Gecko) Chrome/84.0.4147.89 Safari/537.36"
::1 - - [18/Jul/2020:07:20:31 +0000] "GET /favicon.ico HTTP/1.1" 200 1043 "http://localhost:5500/" "Mozilla/5.0 (Windows NT 10.0; Win64; x64) AppleWebKit/537.36 (KHTML, like Gecko) Chrome/84.0.4147.89 Safari/537.36"
::1 - - [18/Jul/2020:07:20:39 +0000] "GET / HTTP/1.1" 200 1043 "http://localhost:5500/" "Mozilla/5.0 (Windows NT 10.0; Win64; x64) AppleWebKit/537.36 (KHTML, like Gecko) Chrome/84.0.4147.89 Safari/537.36"
::1 - - [18/Jul/2020:07:20:39 +0000] "GET /favicon.ico HTTP/1.1" 200 1043 "http://localhost:5500/" "Mozilla/5.0 (Windows NT 10.0; Win64; x64) AppleWebKit/537.36 (KHTML, like Gecko) Chrome/84.0.4147.89 Safari/537.36"
::1 - - [18/Jul/2020:07:20:40 +0000] "GET /products HTTP/1.1" 200 1043 "http://localhost:5500/" "Mozilla/5.0 (Windows NT 10.0; Win64; x64) AppleWebKit/537.36 (KHTML, like Gecko) Chrome/84.0.4147.89 Safari/537.36"
::1 - - [18/Jul/2020:07:20:40 +0000] "GET /favicon.ico HTTP/1.1" 200 1043 "http://localhost:5500/products" "Mozilla/5.0 (Windows NT 10.0; Win64; x64) AppleWebKit/537.36 (KHTML, like Gecko) Chrome/84.0.4147.89 Safari/537.36"
::1 - - [18/Jul/2020:07:20:42 +0000] "GET / HTTP/1.1" 200 1043 "http://localhost:5500/products" "Mozilla/5.0 (Windows NT 10.0; Win64; x64) AppleWebKit/537.36 (KHTML, like Gecko) Chrome/84.0.4147.89 Safari/537.36"
::1 - - [18/Jul/2020:07:20:43 +0000] "GET /favicon.ico HTTP/1.1" 200 1043 "http://localhost:5500/" "Mozilla/5.0 (Windows NT 10.0; Win64; x64) AppleWebKit/537.36 (KHTML, like Gecko) Chrome/84.0.4147.89 Safari/537.36"
::1 - - [18/Jul/2020:07:21:37 +0000] "GET / HTTP/1.1" 200 2141 "http://localhost:5500/" "Mozilla/5.0 (Windows NT 10.0; Win64; x64) AppleWebKit/537.36 (KHTML, like Gecko) Chrome/84.0.4147.89 Safari/537.36"
::1 - - [18/Jul/2020:07:21:38 +0000] "GET /favicon.ico HTTP/1.1" 200 1043 "http://localhost:5500/" "Mozilla/5.0 (Windows NT 10.0; Win64; x64) AppleWebKit/537.36 (KHTML, like Gecko) Chrome/84.0.4147.89 Safari/537.36"
::1 - - [18/Jul/2020:07:21:39 +0000] "GET /products HTTP/1.1" 200 1997 "http://localhost:5500/" "Mozilla/5.0 (Windows NT 10.0; Win64; x64) AppleWebKit/537.36 (KHTML, like Gecko) Chrome/84.0.4147.89 Safari/537.36"
::1 - - [18/Jul/2020:07:21:40 +0000] "GET /favicon.ico HTTP/1.1" 200 1043 "http://localhost:5500/products" "Mozilla/5.0 (Windows NT 10.0; Win64; x64) AppleWebKit/537.36 (KHTML, like Gecko) Chrome/84.0.4147.89 Safari/537.36"
::1 - - [18/Jul/2020:07:21:40 +0000] "GET / HTTP/1.1" 200 2141 "http://localhost:5500/products" "Mozilla/5.0 (Windows NT 10.0; Win64; x64) AppleWebKit/537.36 (KHTML, like Gecko) Chrome/84.0.4147.89 Safari/537.36"
::1 - - [18/Jul/2020:07:21:41 +0000] "GET /favicon.ico HTTP/1.1" 200 1043 "http://localhost:5500/" "Mozilla/5.0 (Windows NT 10.0; Win64; x64) AppleWebKit/537.36 (KHTML, like Gecko) Chrome/84.0.4147.89 Safari/537.36"
::1 - - [18/Jul/2020:07:29:19 +0000] "GET /products HTTP/1.1" 200 1997 "http://localhost:5500/" "Mozilla/5.0 (Windows NT 10.0; Win64; x64) AppleWebKit/537.36 (KHTML, like Gecko) Chrome/84.0.4147.89 Safari/537.36"
::1 - - [18/Jul/2020:07:29:20 +0000] "GET /favicon.ico HTTP/1.1" 200 1043 "http://localhost:5500/products" "Mozilla/5.0 (Windows NT 10.0; Win64; x64) AppleWebKit/537.36 (KHTML, like Gecko) Chrome/84.0.4147.89 Safari/537.36"
::1 - - [18/Jul/2020:07:30:46 +0000] "GET /products HTTP/1.1" 200 1997 "http://localhost:5500/products" "Mozilla/5.0 (Windows NT 10.0; Win64; x64) AppleWebKit/537.36 (KHTML, like Gecko) Chrome/84.0.4147.89 Safari/537.36"
::1 - - [18/Jul/2020:07:30:46 +0000] "GET /favicon.ico HTTP/1.1" 200 1043 "http://localhost:5500/products" "Mozilla/5.0 (Windows NT 10.0; Win64; x64) AppleWebKit/537.36 (KHTML, like Gecko) Chrome/84.0.4147.89 Safari/537.36"
::1 - - [18/Jul/2020:07:30:47 +0000] "GET / HTTP/1.1" 200 2141 "http://localhost:5500/products" "Mozilla/5.0 (Windows NT 10.0; Win64; x64) AppleWebKit/537.36 (KHTML, like Gecko) Chrome/84.0.4147.89 Safari/537.36"
::1 - - [18/Jul/2020:07:30:48 +0000] "GET /favicon.ico HTTP/1.1" 200 1043 "http://localhost:5500/" "Mozilla/5.0 (Windows NT 10.0; Win64; x64) AppleWebKit/537.36 (KHTML, like Gecko) Chrome/84.0.4147.89 Safari/537.36"
::1 - - [18/Jul/2020:07:30:49 +0000] "GET /products HTTP/1.1" 200 1997 "http://localhost:5500/" "Mozilla/5.0 (Windows NT 10.0; Win64; x64) AppleWebKit/537.36 (KHTML, like Gecko) Chrome/84.0.4147.89 Safari/537.36"
::1 - - [18/Jul/2020:07:30:49 +0000] "GET /favicon.ico HTTP/1.1" 200 1043 "http://localhost:5500/products" "Mozilla/5.0 (Windows NT 10.0; Win64; x64) AppleWebKit/537.36 (KHTML, like Gecko) Chrome/84.0.4147.89 Safari/537.36"
::1 - - [18/Jul/2020:07:30:50 +0000] "GET / HTTP/1.1" 200 2141 "http://localhost:5500/products" "Mozilla/5.0 (Windows NT 10.0; Win64; x64) AppleWebKit/537.36 (KHTML, like Gecko) Chrome/84.0.4147.89 Safari/537.36"
::1 - - [18/Jul/2020:07:30:51 +0000] "GET /favicon.ico HTTP/1.1" 200 1043 "http://localhost:5500/" "Mozilla/5.0 (Windows NT 10.0; Win64; x64) AppleWebKit/537.36 (KHTML, like Gecko) Chrome/84.0.4147.89 Safari/537.36"
::1 - - [18/Jul/2020:07:30:52 +0000] "GET /admin/add-product HTTP/1.1" 200 2133 "http://localhost:5500/" "Mozilla/5.0 (Windows NT 10.0; Win64; x64) AppleWebKit/537.36 (KHTML, like Gecko) Chrome/84.0.4147.89 Safari/537.36"
::1 - - [18/Jul/2020:07:30:52 +0000] "GET /favicon.ico HTTP/1.1" 200 1043 "http://localhost:5500/admin/add-product" "Mozilla/5.0 (Windows NT 10.0; Win64; x64) AppleWebKit/537.36 (KHTML, like Gecko) Chrome/84.0.4147.89 Safari/537.36"
::1 - - [18/Jul/2020:07:30:54 +0000] "GET / HTTP/1.1" 200 2141 "http://localhost:5500/admin/add-product" "Mozilla/5.0 (Windows NT 10.0; Win64; x64) AppleWebKit/537.36 (KHTML, like Gecko) Chrome/84.0.4147.89 Safari/537.36"
::1 - - [18/Jul/2020:07:30:54 +0000] "GET /favicon.ico HTTP/1.1" 200 1043 "http://localhost:5500/" "Mozilla/5.0 (Windows NT 10.0; Win64; x64) AppleWebKit/537.36 (KHTML, like Gecko) Chrome/84.0.4147.89 Safari/537.36"
::1 - - [18/Jul/2020:07:30:55 +0000] "GET /products HTTP/1.1" 200 1997 "http://localhost:5500/" "Mozilla/5.0 (Windows NT 10.0; Win64; x64) AppleWebKit/537.36 (KHTML, like Gecko) Chrome/84.0.4147.89 Safari/537.36"
::1 - - [18/Jul/2020:07:30:55 +0000] "GET /favicon.ico HTTP/1.1" 200 1043 "http://localhost:5500/products" "Mozilla/5.0 (Windows NT 10.0; Win64; x64) AppleWebKit/537.36 (KHTML, like Gecko) Chrome/84.0.4147.89 Safari/537.36"
::1 - - [18/Jul/2020:07:31:08 +0000] "GET /products HTTP/1.1" 200 1997 "http://localhost:5500/products" "Mozilla/5.0 (Windows NT 10.0; Win64; x64) AppleWebKit/537.36 (KHTML, like Gecko) Chrome/84.0.4147.89 Safari/537.36"
::1 - - [18/Jul/2020:07:31:08 +0000] "GET /favicon.ico HTTP/1.1" 200 1043 "http://localhost:5500/products" "Mozilla/5.0 (Windows NT 10.0; Win64; x64) AppleWebKit/537.36 (KHTML, like Gecko) Chrome/84.0.4147.89 Safari/537.36"
::1 - - [18/Jul/2020:07:31:10 +0000] "GET / HTTP/1.1" 200 2141 "http://localhost:5500/products" "Mozilla/5.0 (Windows NT 10.0; Win64; x64) AppleWebKit/537.36 (KHTML, like Gecko) Chrome/84.0.4147.89 Safari/537.36"
::1 - - [18/Jul/2020:07:31:10 +0000] "GET /favicon.ico HTTP/1.1" 200 1043 "http://localhost:5500/" "Mozilla/5.0 (Windows NT 10.0; Win64; x64) AppleWebKit/537.36 (KHTML, like Gecko) Chrome/84.0.4147.89 Safari/537.36"
::1 - - [18/Jul/2020:07:31:11 +0000] "GET /admin/add-product HTTP/1.1" 200 2133 "http://localhost:5500/" "Mozilla/5.0 (Windows NT 10.0; Win64; x64) AppleWebKit/537.36 (KHTML, like Gecko) Chrome/84.0.4147.89 Safari/537.36"
::1 - - [18/Jul/2020:07:31:12 +0000] "GET /favicon.ico HTTP/1.1" 200 1043 "http://localhost:5500/admin/add-product" "Mozilla/5.0 (Windows NT 10.0; Win64; x64) AppleWebKit/537.36 (KHTML, like Gecko) Chrome/84.0.4147.89 Safari/537.36"
::1 - - [18/Jul/2020:07:31:20 +0000] "POST /admin/add-product HTTP/1.1" 302 74 "http://localhost:5500/admin/add-product" "Mozilla/5.0 (Windows NT 10.0; Win64; x64) AppleWebKit/537.36 (KHTML, like Gecko) Chrome/84.0.4147.89 Safari/537.36"
::1 - - [18/Jul/2020:07:31:21 +0000] "GET /admin/products HTTP/1.1" - - "http://localhost:5500/admin/add-product" "Mozilla/5.0 (Windows NT 10.0; Win64; x64) AppleWebKit/537.36 (KHTML, like Gecko) Chrome/84.0.4147.89 Safari/537.36"
::1 - - [18/Jul/2020:07:31:21 +0000] "GET /products HTTP/1.1" 200 2858 "http://localhost:5500/admin/add-product" "Mozilla/5.0 (Windows NT 10.0; Win64; x64) AppleWebKit/537.36 (KHTML, like Gecko) Chrome/84.0.4147.89 Safari/537.36"
::1 - - [18/Jul/2020:07:31:22 +0000] "GET /favicon.ico HTTP/1.1" 200 1043 "http://localhost:5500/products" "Mozilla/5.0 (Windows NT 10.0; Win64; x64) AppleWebKit/537.36 (KHTML, like Gecko) Chrome/84.0.4147.89 Safari/537.36"
::1 - - [18/Jul/2020:07:31:23 +0000] "GET / HTTP/1.1" 200 3124 "http://localhost:5500/products" "Mozilla/5.0 (Windows NT 10.0; Win64; x64) AppleWebKit/537.36 (KHTML, like Gecko) Chrome/84.0.4147.89 Safari/537.36"
::1 - - [18/Jul/2020:07:31:23 +0000] "GET /favicon.ico HTTP/1.1" 200 1043 "http://localhost:5500/" "Mozilla/5.0 (Windows NT 10.0; Win64; x64) AppleWebKit/537.36 (KHTML, like Gecko) Chrome/84.0.4147.89 Safari/537.36"
::1 - - [18/Jul/2020:07:31:24 +0000] "GET /products HTTP/1.1" 200 2858 "http://localhost:5500/" "Mozilla/5.0 (Windows NT 10.0; Win64; x64) AppleWebKit/537.36 (KHTML, like Gecko) Chrome/84.0.4147.89 Safari/537.36"
::1 - - [18/Jul/2020:07:31:24 +0000] "GET /favicon.ico HTTP/1.1" 200 1043 "http://localhost:5500/products" "Mozilla/5.0 (Windows NT 10.0; Win64; x64) AppleWebKit/537.36 (KHTML, like Gecko) Chrome/84.0.4147.89 Safari/537.36"
::1 - - [18/Jul/2020:07:31:26 +0000] "GET / HTTP/1.1" 200 3124 "http://localhost:5500/products" "Mozilla/5.0 (Windows NT 10.0; Win64; x64) AppleWebKit/537.36 (KHTML, like Gecko) Chrome/84.0.4147.89 Safari/537.36"
::1 - - [18/Jul/2020:07:31:26 +0000] "GET /favicon.ico HTTP/1.1" 200 1043 "http://localhost:5500/" "Mozilla/5.0 (Windows NT 10.0; Win64; x64) AppleWebKit/537.36 (KHTML, like Gecko) Chrome/84.0.4147.89 Safari/537.36"
::1 - - [18/Jul/2020:07:31:31 +0000] "GET /products HTTP/1.1" 200 2858 "http://localhost:5500/" "Mozilla/5.0 (Windows NT 10.0; Win64; x64) AppleWebKit/537.36 (KHTML, like Gecko) Chrome/84.0.4147.89 Safari/537.36"
::1 - - [18/Jul/2020:07:31:32 +0000] "GET /favicon.ico HTTP/1.1" 200 1043 "http://localhost:5500/products" "Mozilla/5.0 (Windows NT 10.0; Win64; x64) AppleWebKit/537.36 (KHTML, like Gecko) Chrome/84.0.4147.89 Safari/537.36"
::1 - - [18/Jul/2020:07:31:34 +0000] "GET /products/ HTTP/1.1" 200 2858 "http://localhost:5500/products" "Mozilla/5.0 (Windows NT 10.0; Win64; x64) AppleWebKit/537.36 (KHTML, like Gecko) Chrome/84.0.4147.89 Safari/537.36"
::1 - - [18/Jul/2020:07:31:34 +0000] "GET /favicon.ico HTTP/1.1" 200 1043 "http://localhost:5500/products/" "Mozilla/5.0 (Windows NT 10.0; Win64; x64) AppleWebKit/537.36 (KHTML, like Gecko) Chrome/84.0.4147.89 Safari/537.36"
::1 - - [18/Jul/2020:07:31:37 +0000] "GET /products/ HTTP/1.1" 200 2858 "http://localhost:5500/products/" "Mozilla/5.0 (Windows NT 10.0; Win64; x64) AppleWebKit/537.36 (KHTML, like Gecko) Chrome/84.0.4147.89 Safari/537.36"
::1 - - [18/Jul/2020:07:31:37 +0000] "GET /favicon.ico HTTP/1.1" 200 1043 "http://localhost:5500/products/" "Mozilla/5.0 (Windows NT 10.0; Win64; x64) AppleWebKit/537.36 (KHTML, like Gecko) Chrome/84.0.4147.89 Safari/537.36"
::1 - - [18/Jul/2020:07:31:47 +0000] "GET /admin/add-product HTTP/1.1" 200 2133 "http://localhost:5500/products/" "Mozilla/5.0 (Windows NT 10.0; Win64; x64) AppleWebKit/537.36 (KHTML, like Gecko) Chrome/84.0.4147.89 Safari/537.36"
::1 - - [18/Jul/2020:07:31:47 +0000] "GET /favicon.ico HTTP/1.1" 200 1043 "http://localhost:5500/admin/add-product" "Mozilla/5.0 (Windows NT 10.0; Win64; x64) AppleWebKit/537.36 (KHTML, like Gecko) Chrome/84.0.4147.89 Safari/537.36"
::1 - - [18/Jul/2020:07:31:50 +0000] "GET /admin/products HTTP/1.1" - - "http://localhost:5500/admin/add-product" "Mozilla/5.0 (Windows NT 10.0; Win64; x64) AppleWebKit/537.36 (KHTML, like Gecko) Chrome/84.0.4147.89 Safari/537.36"
::1 - - [18/Jul/2020:07:31:51 +0000] "GET /admin/products HTTP/1.1" - - "http://localhost:5500/admin/add-product" "Mozilla/5.0 (Windows NT 10.0; Win64; x64) AppleWebKit/537.36 (KHTML, like Gecko) Chrome/84.0.4147.89 Safari/537.36"
::1 - - [18/Jul/2020:07:31:51 +0000] "GET /admin/add-product HTTP/1.1" 200 2133 "http://localhost:5500/admin/add-product" "Mozilla/5.0 (Windows NT 10.0; Win64; x64) AppleWebKit/537.36 (KHTML, like Gecko) Chrome/84.0.4147.89 Safari/537.36"
::1 - - [18/Jul/2020:07:31:51 +0000] "GET /favicon.ico HTTP/1.1" 200 1043 "http://localhost:5500/admin/add-product" "Mozilla/5.0 (Windows NT 10.0; Win64; x64) AppleWebKit/537.36 (KHTML, like Gecko) Chrome/84.0.4147.89 Safari/537.36"
::1 - - [18/Jul/2020:07:31:52 +0000] "GET /admin/products HTTP/1.1" - - "http://localhost:5500/admin/add-product" "Mozilla/5.0 (Windows NT 10.0; Win64; x64) AppleWebKit/537.36 (KHTML, like Gecko) Chrome/84.0.4147.89 Safari/537.36"
::1 - - [18/Jul/2020:07:31:52 +0000] "GET /orders HTTP/1.1" 200 1043 "http://localhost:5500/admin/add-product" "Mozilla/5.0 (Windows NT 10.0; Win64; x64) AppleWebKit/537.36 (KHTML, like Gecko) Chrome/84.0.4147.89 Safari/537.36"
::1 - - [18/Jul/2020:07:31:53 +0000] "GET /favicon.ico HTTP/1.1" 200 1043 "http://localhost:5500/orders" "Mozilla/5.0 (Windows NT 10.0; Win64; x64) AppleWebKit/537.36 (KHTML, like Gecko) Chrome/84.0.4147.89 Safari/537.36"
::1 - - [18/Jul/2020:07:31:54 +0000] "GET /admin/add-product HTTP/1.1" 200 2133 "http://localhost:5500/orders" "Mozilla/5.0 (Windows NT 10.0; Win64; x64) AppleWebKit/537.36 (KHTML, like Gecko) Chrome/84.0.4147.89 Safari/537.36"
::1 - - [18/Jul/2020:07:31:54 +0000] "GET /favicon.ico HTTP/1.1" 200 1043 "http://localhost:5500/admin/add-product" "Mozilla/5.0 (Windows NT 10.0; Win64; x64) AppleWebKit/537.36 (KHTML, like Gecko) Chrome/84.0.4147.89 Safari/537.36"
::1 - - [18/Jul/2020:07:31:56 +0000] "GET /admin/products HTTP/1.1" - - "http://localhost:5500/admin/add-product" "Mozilla/5.0 (Windows NT 10.0; Win64; x64) AppleWebKit/537.36 (KHTML, like Gecko) Chrome/84.0.4147.89 Safari/537.36"
::1 - - [18/Jul/2020:07:31:56 +0000] "GET /products HTTP/1.1" 200 2858 "http://localhost:5500/admin/add-product" "Mozilla/5.0 (Windows NT 10.0; Win64; x64) AppleWebKit/537.36 (KHTML, like Gecko) Chrome/84.0.4147.89 Safari/537.36"
::1 - - [18/Jul/2020:07:31:56 +0000] "GET /favicon.ico HTTP/1.1" 200 1043 "http://localhost:5500/products" "Mozilla/5.0 (Windows NT 10.0; Win64; x64) AppleWebKit/537.36 (KHTML, like Gecko) Chrome/84.0.4147.89 Safari/537.36"
::1 - - [18/Jul/2020:07:31:59 +0000] "GET / HTTP/1.1" 200 3124 "http://localhost:5500/products" "Mozilla/5.0 (Windows NT 10.0; Win64; x64) AppleWebKit/537.36 (KHTML, like Gecko) Chrome/84.0.4147.89 Safari/537.36"
::1 - - [18/Jul/2020:07:31:59 +0000] "GET /favicon.ico HTTP/1.1" 200 1043 "http://localhost:5500/" "Mozilla/5.0 (Windows NT 10.0; Win64; x64) AppleWebKit/537.36 (KHTML, like Gecko) Chrome/84.0.4147.89 Safari/537.36"
::1 - - [18/Jul/2020:07:32:00 +0000] "GET /admin/add-product HTTP/1.1" 200 2133 "http://localhost:5500/" "Mozilla/5.0 (Windows NT 10.0; Win64; x64) AppleWebKit/537.36 (KHTML, like Gecko) Chrome/84.0.4147.89 Safari/537.36"
::1 - - [18/Jul/2020:07:32:01 +0000] "GET /favicon.ico HTTP/1.1" 200 1043 "http://localhost:5500/admin/add-product" "Mozilla/5.0 (Windows NT 10.0; Win64; x64) AppleWebKit/537.36 (KHTML, like Gecko) Chrome/84.0.4147.89 Safari/537.36"
::1 - - [18/Jul/2020:07:32:06 +0000] "GET /admin/products HTTP/1.1" - - "http://localhost:5500/admin/add-product" "Mozilla/5.0 (Windows NT 10.0; Win64; x64) AppleWebKit/537.36 (KHTML, like Gecko) Chrome/84.0.4147.89 Safari/537.36"
::1 - - [18/Jul/2020:07:32:12 +0000] "GET /admin/products HTTP/1.1" - - "http://localhost:5500/admin/add-product" "Mozilla/5.0 (Windows NT 10.0; Win64; x64) AppleWebKit/537.36 (KHTML, like Gecko) Chrome/84.0.4147.89 Safari/537.36"
::1 - - [18/Jul/2020:07:34:12 +0000] "GET /admin/products HTTP/1.1" - - "http://localhost:5500/admin/add-product" "Mozilla/5.0 (Windows NT 10.0; Win64; x64) AppleWebKit/537.36 (KHTML, like Gecko) Chrome/84.0.4147.89 Safari/537.36"
::1 - - [18/Jul/2020:07:36:12 +0000] "GET /admin/products HTTP/1.1" - - "http://localhost:5500/admin/add-product" "Mozilla/5.0 (Windows NT 10.0; Win64; x64) AppleWebKit/537.36 (KHTML, like Gecko) Chrome/84.0.4147.89 Safari/537.36"
::1 - - [18/Jul/2020:07:38:12 +0000] "GET /admin/products HTTP/1.1" - - "http://localhost:5500/admin/add-product" "Mozilla/5.0 (Windows NT 10.0; Win64; x64) AppleWebKit/537.36 (KHTML, like Gecko) Chrome/84.0.4147.89 Safari/537.36"
::1 - - [18/Jul/2020:07:40:12 +0000] "GET /admin/products HTTP/1.1" - - "http://localhost:5500/admin/add-product" "Mozilla/5.0 (Windows NT 10.0; Win64; x64) AppleWebKit/537.36 (KHTML, like Gecko) Chrome/84.0.4147.89 Safari/537.36"
::1 - - [18/Jul/2020:07:41:35 +0000] "GET /admin/add-product HTTP/1.1" 200 2133 "-" "Mozilla/5.0 (Windows NT 10.0; Win64; x64) AppleWebKit/537.36 (KHTML, like Gecko) Chrome/84.0.4147.89 Safari/537.36"
::1 - - [18/Jul/2020:07:41:35 +0000] "GET /favicon.ico HTTP/1.1" 200 1043 "http://localhost:5500/admin/add-product" "Mozilla/5.0 (Windows NT 10.0; Win64; x64) AppleWebKit/537.36 (KHTML, like Gecko) Chrome/84.0.4147.89 Safari/537.36"
::1 - - [18/Jul/2020:07:41:37 +0000] "GET /products HTTP/1.1" 200 2858 "http://localhost:5500/admin/add-product" "Mozilla/5.0 (Windows NT 10.0; Win64; x64) AppleWebKit/537.36 (KHTML, like Gecko) Chrome/84.0.4147.89 Safari/537.36"
::1 - - [18/Jul/2020:07:41:37 +0000] "GET /favicon.ico HTTP/1.1" 200 1043 "http://localhost:5500/products" "Mozilla/5.0 (Windows NT 10.0; Win64; x64) AppleWebKit/537.36 (KHTML, like Gecko) Chrome/84.0.4147.89 Safari/537.36"
::1 - - [18/Jul/2020:07:41:40 +0000] "GET /products/ HTTP/1.1" 200 2858 "http://localhost:5500/products" "Mozilla/5.0 (Windows NT 10.0; Win64; x64) AppleWebKit/537.36 (KHTML, like Gecko) Chrome/84.0.4147.89 Safari/537.36"
::1 - - [18/Jul/2020:07:41:40 +0000] "GET /favicon.ico HTTP/1.1" 200 1043 "http://localhost:5500/products/" "Mozilla/5.0 (Windows NT 10.0; Win64; x64) AppleWebKit/537.36 (KHTML, like Gecko) Chrome/84.0.4147.89 Safari/537.36"
::1 - - [18/Jul/2020:07:41:42 +0000] "GET /products/ HTTP/1.1" 200 2858 "http://localhost:5500/products/" "Mozilla/5.0 (Windows NT 10.0; Win64; x64) AppleWebKit/537.36 (KHTML, like Gecko) Chrome/84.0.4147.89 Safari/537.36"
::1 - - [18/Jul/2020:07:41:43 +0000] "GET /favicon.ico HTTP/1.1" 200 1043 "http://localhost:5500/products/" "Mozilla/5.0 (Windows NT 10.0; Win64; x64) AppleWebKit/537.36 (KHTML, like Gecko) Chrome/84.0.4147.89 Safari/537.36"
::1 - - [18/Jul/2020:07:42:22 +0000] "GET /products/ HTTP/1.1" 200 2858 "http://localhost:5500/products/" "Mozilla/5.0 (Windows NT 10.0; Win64; x64) AppleWebKit/537.36 (KHTML, like Gecko) Chrome/84.0.4147.89 Safari/537.36"
::1 - - [18/Jul/2020:07:42:23 +0000] "GET /favicon.ico HTTP/1.1" 200 1043 "http://localhost:5500/products/" "Mozilla/5.0 (Windows NT 10.0; Win64; x64) AppleWebKit/537.36 (KHTML, like Gecko) Chrome/84.0.4147.89 Safari/537.36"
::1 - - [18/Jul/2020:07:45:28 +0000] "GET /products/ HTTP/1.1" 200 2858 "http://localhost:5500/products/" "Mozilla/5.0 (Windows NT 10.0; Win64; x64) AppleWebKit/537.36 (KHTML, like Gecko) Chrome/84.0.4147.89 Safari/537.36"
::1 - - [18/Jul/2020:07:45:28 +0000] "GET /favicon.ico HTTP/1.1" 200 1043 "http://localhost:5500/products/" "Mozilla/5.0 (Windows NT 10.0; Win64; x64) AppleWebKit/537.36 (KHTML, like Gecko) Chrome/84.0.4147.89 Safari/537.36"
::1 - - [18/Jul/2020:07:45:51 +0000] "GET /products/ HTTP/1.1" 200 2858 "http://localhost:5500/products/" "Mozilla/5.0 (Windows NT 10.0; Win64; x64) AppleWebKit/537.36 (KHTML, like Gecko) Chrome/84.0.4147.89 Safari/537.36"
::1 - - [18/Jul/2020:07:45:51 +0000] "GET /favicon.ico HTTP/1.1" 200 1043 "http://localhost:5500/products/" "Mozilla/5.0 (Windows NT 10.0; Win64; x64) AppleWebKit/537.36 (KHTML, like Gecko) Chrome/84.0.4147.89 Safari/537.36"
::1 - - [18/Jul/2020:07:46:07 +0000] "GET /products/ HTTP/1.1" 200 2858 "http://localhost:5500/products/" "Mozilla/5.0 (Windows NT 10.0; Win64; x64) AppleWebKit/537.36 (KHTML, like Gecko) Chrome/84.0.4147.89 Safari/537.36"
::1 - - [18/Jul/2020:07:46:07 +0000] "GET /favicon.ico HTTP/1.1" 200 1043 "http://localhost:5500/products/" "Mozilla/5.0 (Windows NT 10.0; Win64; x64) AppleWebKit/537.36 (KHTML, like Gecko) Chrome/84.0.4147.89 Safari/537.36"
::1 - - [18/Jul/2020:07:46:22 +0000] "GET /products/ HTTP/1.1" 200 2858 "http://localhost:5500/products/" "Mozilla/5.0 (Windows NT 10.0; Win64; x64) AppleWebKit/537.36 (KHTML, like Gecko) Chrome/84.0.4147.89 Safari/537.36"
::ffff:127.0.0.1 - - [18/Jul/2020:07:46:22 +0000] "GET /favicon.ico HTTP/1.1" 200 1043 "http://localhost:5500/products/" "Mozilla/5.0 (Windows NT 10.0; Win64; x64) AppleWebKit/537.36 (KHTML, like Gecko) Chrome/84.0.4147.89 Safari/537.36"
::1 - - [18/Jul/2020:07:47:40 +0000] "GET /products/ HTTP/1.1" 200 2858 "http://localhost:5500/products/" "Mozilla/5.0 (Windows NT 10.0; Win64; x64) AppleWebKit/537.36 (KHTML, like Gecko) Chrome/84.0.4147.89 Safari/537.36"
::1 - - [18/Jul/2020:07:47:40 +0000] "GET /favicon.ico HTTP/1.1" 200 1043 "http://localhost:5500/products/" "Mozilla/5.0 (Windows NT 10.0; Win64; x64) AppleWebKit/537.36 (KHTML, like Gecko) Chrome/84.0.4147.89 Safari/537.36"
::1 - - [18/Jul/2020:07:47:44 +0000] "GET /products/ HTTP/1.1" 200 2858 "http://localhost:5500/products/" "Mozilla/5.0 (Windows NT 10.0; Win64; x64) AppleWebKit/537.36 (KHTML, like Gecko) Chrome/84.0.4147.89 Safari/537.36"
::1 - - [18/Jul/2020:07:47:44 +0000] "GET /favicon.ico HTTP/1.1" 200 1043 "http://localhost:5500/products/" "Mozilla/5.0 (Windows NT 10.0; Win64; x64) AppleWebKit/537.36 (KHTML, like Gecko) Chrome/84.0.4147.89 Safari/537.36"
::1 - - [18/Jul/2020:07:48:37 +0000] "GET /products/ HTTP/1.1" 200 2858 "http://localhost:5500/products/" "Mozilla/5.0 (Windows NT 10.0; Win64; x64) AppleWebKit/537.36 (KHTML, like Gecko) Chrome/84.0.4147.89 Safari/537.36"
::ffff:127.0.0.1 - - [18/Jul/2020:07:48:37 +0000] "GET /favicon.ico HTTP/1.1" 200 1043 "http://localhost:5500/products/" "Mozilla/5.0 (Windows NT 10.0; Win64; x64) AppleWebKit/537.36 (KHTML, like Gecko) Chrome/84.0.4147.89 Safari/537.36"
::1 - - [18/Jul/2020:07:48:51 +0000] "GET /products/ HTTP/1.1" 200 2858 "http://localhost:5500/products/" "Mozilla/5.0 (Windows NT 10.0; Win64; x64) AppleWebKit/537.36 (KHTML, like Gecko) Chrome/84.0.4147.89 Safari/537.36"
::1 - - [18/Jul/2020:07:48:51 +0000] "GET /favicon.ico HTTP/1.1" 200 1043 "http://localhost:5500/products/" "Mozilla/5.0 (Windows NT 10.0; Win64; x64) AppleWebKit/537.36 (KHTML, like Gecko) Chrome/84.0.4147.89 Safari/537.36"
::1 - - [18/Jul/2020:07:49:09 +0000] "GET /products/ HTTP/1.1" 200 2858 "http://localhost:5500/products/" "Mozilla/5.0 (Windows NT 10.0; Win64; x64) AppleWebKit/537.36 (KHTML, like Gecko) Chrome/84.0.4147.89 Safari/537.36"
::1 - - [18/Jul/2020:07:49:10 +0000] "GET /favicon.ico HTTP/1.1" 200 1043 "http://localhost:5500/products/" "Mozilla/5.0 (Windows NT 10.0; Win64; x64) AppleWebKit/537.36 (KHTML, like Gecko) Chrome/84.0.4147.89 Safari/537.36"
::1 - - [18/Jul/2020:07:49:32 +0000] "GET /admin/products HTTP/1.1" - - "http://localhost:5500/products/" "Mozilla/5.0 (Windows NT 10.0; Win64; x64) AppleWebKit/537.36 (KHTML, like Gecko) Chrome/84.0.4147.89 Safari/537.36"
::1 - - [18/Jul/2020:07:49:32 +0000] "GET / HTTP/1.1" 200 3124 "http://localhost:5500/products/" "Mozilla/5.0 (Windows NT 10.0; Win64; x64) AppleWebKit/537.36 (KHTML, like Gecko) Chrome/84.0.4147.89 Safari/537.36"
::1 - - [18/Jul/2020:07:49:32 +0000] "GET /favicon.ico HTTP/1.1" 200 1043 "http://localhost:5500/" "Mozilla/5.0 (Windows NT 10.0; Win64; x64) AppleWebKit/537.36 (KHTML, like Gecko) Chrome/84.0.4147.89 Safari/537.36"
::1 - - [18/Jul/2020:07:49:33 +0000] "GET /products HTTP/1.1" 200 2858 "http://localhost:5500/" "Mozilla/5.0 (Windows NT 10.0; Win64; x64) AppleWebKit/537.36 (KHTML, like Gecko) Chrome/84.0.4147.89 Safari/537.36"
::1 - - [18/Jul/2020:07:49:33 +0000] "GET /favicon.ico HTTP/1.1" 200 1043 "http://localhost:5500/products" "Mozilla/5.0 (Windows NT 10.0; Win64; x64) AppleWebKit/537.36 (KHTML, like Gecko) Chrome/84.0.4147.89 Safari/537.36"
::1 - - [18/Jul/2020:07:49:35 +0000] "GET /products/ HTTP/1.1" 200 2858 "http://localhost:5500/products" "Mozilla/5.0 (Windows NT 10.0; Win64; x64) AppleWebKit/537.36 (KHTML, like Gecko) Chrome/84.0.4147.89 Safari/537.36"
::1 - - [18/Jul/2020:07:49:35 +0000] "GET /favicon.ico HTTP/1.1" 200 1043 "http://localhost:5500/products/" "Mozilla/5.0 (Windows NT 10.0; Win64; x64) AppleWebKit/537.36 (KHTML, like Gecko) Chrome/84.0.4147.89 Safari/537.36"
::1 - - [18/Jul/2020:07:51:07 +0000] "GET /admin/products HTTP/1.1" - - "http://localhost:5500/products/" "Mozilla/5.0 (Windows NT 10.0; Win64; x64) AppleWebKit/537.36 (KHTML, like Gecko) Chrome/84.0.4147.89 Safari/537.36"
::1 - - [18/Jul/2020:07:51:07 +0000] "GET /admin/add-product HTTP/1.1" 200 2133 "http://localhost:5500/products/" "Mozilla/5.0 (Windows NT 10.0; Win64; x64) AppleWebKit/537.36 (KHTML, like Gecko) Chrome/84.0.4147.89 Safari/537.36"
::1 - - [18/Jul/2020:07:51:07 +0000] "GET /favicon.ico HTTP/1.1" 200 1043 "http://localhost:5500/admin/add-product" "Mozilla/5.0 (Windows NT 10.0; Win64; x64) AppleWebKit/537.36 (KHTML, like Gecko) Chrome/84.0.4147.89 Safari/537.36"
::1 - - [18/Jul/2020:07:51:07 +0000] "GET /orders HTTP/1.1" 200 1043 "http://localhost:5500/admin/add-product" "Mozilla/5.0 (Windows NT 10.0; Win64; x64) AppleWebKit/537.36 (KHTML, like Gecko) Chrome/84.0.4147.89 Safari/537.36"
::1 - - [18/Jul/2020:07:51:08 +0000] "GET /favicon.ico HTTP/1.1" 200 1043 "http://localhost:5500/orders" "Mozilla/5.0 (Windows NT 10.0; Win64; x64) AppleWebKit/537.36 (KHTML, like Gecko) Chrome/84.0.4147.89 Safari/537.36"
::1 - - [18/Jul/2020:07:51:09 +0000] "GET /products HTTP/1.1" 200 2858 "http://localhost:5500/orders" "Mozilla/5.0 (Windows NT 10.0; Win64; x64) AppleWebKit/537.36 (KHTML, like Gecko) Chrome/84.0.4147.89 Safari/537.36"
::1 - - [18/Jul/2020:07:51:09 +0000] "GET /favicon.ico HTTP/1.1" 200 1043 "http://localhost:5500/products" "Mozilla/5.0 (Windows NT 10.0; Win64; x64) AppleWebKit/537.36 (KHTML, like Gecko) Chrome/84.0.4147.89 Safari/537.36"
::1 - - [18/Jul/2020:07:51:10 +0000] "GET /products/ HTTP/1.1" 200 2858 "http://localhost:5500/products" "Mozilla/5.0 (Windows NT 10.0; Win64; x64) AppleWebKit/537.36 (KHTML, like Gecko) Chrome/84.0.4147.89 Safari/537.36"
::1 - - [18/Jul/2020:07:51:11 +0000] "GET /favicon.ico HTTP/1.1" 200 1043 "http://localhost:5500/products/" "Mozilla/5.0 (Windows NT 10.0; Win64; x64) AppleWebKit/537.36 (KHTML, like Gecko) Chrome/84.0.4147.89 Safari/537.36"
::1 - - [18/Jul/2020:07:51:45 +0000] "GET /admin/add-product HTTP/1.1" 200 2133 "http://localhost:5500/products/" "Mozilla/5.0 (Windows NT 10.0; Win64; x64) AppleWebKit/537.36 (KHTML, like Gecko) Chrome/84.0.4147.89 Safari/537.36"
::1 - - [18/Jul/2020:07:51:46 +0000] "GET /favicon.ico HTTP/1.1" 200 1043 "http://localhost:5500/admin/add-product" "Mozilla/5.0 (Windows NT 10.0; Win64; x64) AppleWebKit/537.36 (KHTML, like Gecko) Chrome/84.0.4147.89 Safari/537.36"
::1 - - [18/Jul/2020:07:51:48 +0000] "GET /products HTTP/1.1" 200 2906 "http://localhost:5500/admin/add-product" "Mozilla/5.0 (Windows NT 10.0; Win64; x64) AppleWebKit/537.36 (KHTML, like Gecko) Chrome/84.0.4147.89 Safari/537.36"
::1 - - [18/Jul/2020:07:51:48 +0000] "GET /favicon.ico HTTP/1.1" 200 1043 "http://localhost:5500/products" "Mozilla/5.0 (Windows NT 10.0; Win64; x64) AppleWebKit/537.36 (KHTML, like Gecko) Chrome/84.0.4147.89 Safari/537.36"
::1 - - [18/Jul/2020:07:51:49 +0000] "GET /products/ HTTP/1.1" 200 2906 "http://localhost:5500/products" "Mozilla/5.0 (Windows NT 10.0; Win64; x64) AppleWebKit/537.36 (KHTML, like Gecko) Chrome/84.0.4147.89 Safari/537.36"
::1 - - [18/Jul/2020:07:51:50 +0000] "GET /favicon.ico HTTP/1.1" 200 1043 "http://localhost:5500/products/" "Mozilla/5.0 (Windows NT 10.0; Win64; x64) AppleWebKit/537.36 (KHTML, like Gecko) Chrome/84.0.4147.89 Safari/537.36"
::1 - - [18/Jul/2020:07:51:51 +0000] "GET /products/ HTTP/1.1" 200 2906 "http://localhost:5500/products/" "Mozilla/5.0 (Windows NT 10.0; Win64; x64) AppleWebKit/537.36 (KHTML, like Gecko) Chrome/84.0.4147.89 Safari/537.36"
::1 - - [18/Jul/2020:07:51:51 +0000] "GET /favicon.ico HTTP/1.1" 200 1043 "http://localhost:5500/products/" "Mozilla/5.0 (Windows NT 10.0; Win64; x64) AppleWebKit/537.36 (KHTML, like Gecko) Chrome/84.0.4147.89 Safari/537.36"
::1 - - [18/Jul/2020:07:51:54 +0000] "GET / HTTP/1.1" 200 3172 "http://localhost:5500/products/" "Mozilla/5.0 (Windows NT 10.0; Win64; x64) AppleWebKit/537.36 (KHTML, like Gecko) Chrome/84.0.4147.89 Safari/537.36"
::1 - - [18/Jul/2020:07:51:54 +0000] "GET /favicon.ico HTTP/1.1" 200 1043 "http://localhost:5500/" "Mozilla/5.0 (Windows NT 10.0; Win64; x64) AppleWebKit/537.36 (KHTML, like Gecko) Chrome/84.0.4147.89 Safari/537.36"
::1 - - [18/Jul/2020:07:51:56 +0000] "GET /products HTTP/1.1" 200 2906 "http://localhost:5500/" "Mozilla/5.0 (Windows NT 10.0; Win64; x64) AppleWebKit/537.36 (KHTML, like Gecko) Chrome/84.0.4147.89 Safari/537.36"
::1 - - [18/Jul/2020:07:51:56 +0000] "GET /favicon.ico HTTP/1.1" 200 1043 "http://localhost:5500/products" "Mozilla/5.0 (Windows NT 10.0; Win64; x64) AppleWebKit/537.36 (KHTML, like Gecko) Chrome/84.0.4147.89 Safari/537.36"
::1 - - [18/Jul/2020:07:51:58 +0000] "GET /products/ HTTP/1.1" 200 2906 "http://localhost:5500/products" "Mozilla/5.0 (Windows NT 10.0; Win64; x64) AppleWebKit/537.36 (KHTML, like Gecko) Chrome/84.0.4147.89 Safari/537.36"
::1 - - [18/Jul/2020:07:51:58 +0000] "GET /favicon.ico HTTP/1.1" 200 1043 "http://localhost:5500/products/" "Mozilla/5.0 (Windows NT 10.0; Win64; x64) AppleWebKit/537.36 (KHTML, like Gecko) Chrome/84.0.4147.89 Safari/537.36"
::1 - - [18/Jul/2020:07:53:33 +0000] "GET /admin/products HTTP/1.1" - - "http://localhost:5500/products/" "Mozilla/5.0 (Windows NT 10.0; Win64; x64) AppleWebKit/537.36 (KHTML, like Gecko) Chrome/84.0.4147.89 Safari/537.36"
::1 - - [18/Jul/2020:07:53:33 +0000] "GET /admin/add-product HTTP/1.1" 200 2133 "http://localhost:5500/products/" "Mozilla/5.0 (Windows NT 10.0; Win64; x64) AppleWebKit/537.36 (KHTML, like Gecko) Chrome/84.0.4147.89 Safari/537.36"
::1 - - [18/Jul/2020:07:53:33 +0000] "GET /favicon.ico HTTP/1.1" 200 1043 "http://localhost:5500/admin/add-product" "Mozilla/5.0 (Windows NT 10.0; Win64; x64) AppleWebKit/537.36 (KHTML, like Gecko) Chrome/84.0.4147.89 Safari/537.36"
::1 - - [18/Jul/2020:07:53:34 +0000] "GET /orders HTTP/1.1" 200 1043 "http://localhost:5500/admin/add-product" "Mozilla/5.0 (Windows NT 10.0; Win64; x64) AppleWebKit/537.36 (KHTML, like Gecko) Chrome/84.0.4147.89 Safari/537.36"
::1 - - [18/Jul/2020:07:53:34 +0000] "GET /favicon.ico HTTP/1.1" 200 1043 "http://localhost:5500/orders" "Mozilla/5.0 (Windows NT 10.0; Win64; x64) AppleWebKit/537.36 (KHTML, like Gecko) Chrome/84.0.4147.89 Safari/537.36"
::1 - - [18/Jul/2020:07:53:35 +0000] "GET /products HTTP/1.1" 200 2906 "http://localhost:5500/orders" "Mozilla/5.0 (Windows NT 10.0; Win64; x64) AppleWebKit/537.36 (KHTML, like Gecko) Chrome/84.0.4147.89 Safari/537.36"
::1 - - [18/Jul/2020:07:53:35 +0000] "GET /favicon.ico HTTP/1.1" 200 1043 "http://localhost:5500/products" "Mozilla/5.0 (Windows NT 10.0; Win64; x64) AppleWebKit/537.36 (KHTML, like Gecko) Chrome/84.0.4147.89 Safari/537.36"
::1 - - [18/Jul/2020:07:53:58 +0000] "GET /products/ HTTP/1.1" 200 2906 "http://localhost:5500/products" "Mozilla/5.0 (Windows NT 10.0; Win64; x64) AppleWebKit/537.36 (KHTML, like Gecko) Chrome/84.0.4147.89 Safari/537.36"
::1 - - [18/Jul/2020:07:53:58 +0000] "GET /favicon.ico HTTP/1.1" 200 1043 "http://localhost:5500/products/" "Mozilla/5.0 (Windows NT 10.0; Win64; x64) AppleWebKit/537.36 (KHTML, like Gecko) Chrome/84.0.4147.89 Safari/537.36"
::1 - - [18/Jul/2020:07:54:01 +0000] "GET /products/ HTTP/1.1" 200 2906 "http://localhost:5500/products/" "Mozilla/5.0 (Windows NT 10.0; Win64; x64) AppleWebKit/537.36 (KHTML, like Gecko) Chrome/84.0.4147.89 Safari/537.36"
::1 - - [18/Jul/2020:07:54:01 +0000] "GET /favicon.ico HTTP/1.1" 200 1043 "http://localhost:5500/products/" "Mozilla/5.0 (Windows NT 10.0; Win64; x64) AppleWebKit/537.36 (KHTML, like Gecko) Chrome/84.0.4147.89 Safari/537.36"
::1 - - [18/Jul/2020:07:54:34 +0000] "GET / HTTP/1.1" 200 3172 "http://localhost:5500/products/" "Mozilla/5.0 (Windows NT 10.0; Win64; x64) AppleWebKit/537.36 (KHTML, like Gecko) Chrome/84.0.4147.89 Safari/537.36"
::1 - - [18/Jul/2020:07:54:34 +0000] "GET /favicon.ico HTTP/1.1" 200 1043 "http://localhost:5500/" "Mozilla/5.0 (Windows NT 10.0; Win64; x64) AppleWebKit/537.36 (KHTML, like Gecko) Chrome/84.0.4147.89 Safari/537.36"
::1 - - [18/Jul/2020:07:54:35 +0000] "GET /products HTTP/1.1" 200 2954 "http://localhost:5500/" "Mozilla/5.0 (Windows NT 10.0; Win64; x64) AppleWebKit/537.36 (KHTML, like Gecko) Chrome/84.0.4147.89 Safari/537.36"
::1 - - [18/Jul/2020:07:54:35 +0000] "GET /favicon.ico HTTP/1.1" 200 1043 "http://localhost:5500/products" "Mozilla/5.0 (Windows NT 10.0; Win64; x64) AppleWebKit/537.36 (KHTML, like Gecko) Chrome/84.0.4147.89 Safari/537.36"
::1 - - [18/Jul/2020:07:54:38 +0000] "GET /products/5f129ba0d1c0333ea0aa6c5a HTTP/1.1" - - "http://localhost:5500/products" "Mozilla/5.0 (Windows NT 10.0; Win64; x64) AppleWebKit/537.36 (KHTML, like Gecko) Chrome/84.0.4147.89 Safari/537.36"
::1 - - [18/Jul/2020:07:54:39 +0000] "GET /products/5f129ba0d1c0333ea0aa6c5a HTTP/1.1" - - "http://localhost:5500/products" "Mozilla/5.0 (Windows NT 10.0; Win64; x64) AppleWebKit/537.36 (KHTML, like Gecko) Chrome/84.0.4147.89 Safari/537.36"
::1 - - [18/Jul/2020:07:54:39 +0000] "POST /cart HTTP/1.1" 200 1043 "http://localhost:5500/products" "Mozilla/5.0 (Windows NT 10.0; Win64; x64) AppleWebKit/537.36 (KHTML, like Gecko) Chrome/84.0.4147.89 Safari/537.36"
::1 - - [18/Jul/2020:07:54:40 +0000] "GET /favicon.ico HTTP/1.1" 200 1043 "http://localhost:5500/cart" "Mozilla/5.0 (Windows NT 10.0; Win64; x64) AppleWebKit/537.36 (KHTML, like Gecko) Chrome/84.0.4147.89 Safari/537.36"
::1 - - [18/Jul/2020:07:54:41 +0000] "GET / HTTP/1.1" 200 3172 "http://localhost:5500/cart" "Mozilla/5.0 (Windows NT 10.0; Win64; x64) AppleWebKit/537.36 (KHTML, like Gecko) Chrome/84.0.4147.89 Safari/537.36"
::1 - - [18/Jul/2020:07:54:41 +0000] "GET /favicon.ico HTTP/1.1" 200 1043 "http://localhost:5500/" "Mozilla/5.0 (Windows NT 10.0; Win64; x64) AppleWebKit/537.36 (KHTML, like Gecko) Chrome/84.0.4147.89 Safari/537.36"
::1 - - [18/Jul/2020:07:54:42 +0000] "GET /admin/add-product HTTP/1.1" 200 2133 "http://localhost:5500/" "Mozilla/5.0 (Windows NT 10.0; Win64; x64) AppleWebKit/537.36 (KHTML, like Gecko) Chrome/84.0.4147.89 Safari/537.36"
::1 - - [18/Jul/2020:07:54:42 +0000] "GET /favicon.ico HTTP/1.1" 200 1043 "http://localhost:5500/admin/add-product" "Mozilla/5.0 (Windows NT 10.0; Win64; x64) AppleWebKit/537.36 (KHTML, like Gecko) Chrome/84.0.4147.89 Safari/537.36"
::1 - - [18/Jul/2020:07:54:44 +0000] "GET /products HTTP/1.1" 200 2954 "http://localhost:5500/admin/add-product" "Mozilla/5.0 (Windows NT 10.0; Win64; x64) AppleWebKit/537.36 (KHTML, like Gecko) Chrome/84.0.4147.89 Safari/537.36"
::1 - - [18/Jul/2020:07:54:44 +0000] "GET /favicon.ico HTTP/1.1" 200 1043 "http://localhost:5500/products" "Mozilla/5.0 (Windows NT 10.0; Win64; x64) AppleWebKit/537.36 (KHTML, like Gecko) Chrome/84.0.4147.89 Safari/537.36"
::1 - - [18/Jul/2020:07:54:55 +0000] "GET /products/5f129ba0d1c0333ea0aa6c5a HTTP/1.1" - - "http://localhost:5500/products" "Mozilla/5.0 (Windows NT 10.0; Win64; x64) AppleWebKit/537.36 (KHTML, like Gecko) Chrome/84.0.4147.89 Safari/537.36"
::ffff:127.0.0.1 - - [18/Jul/2020:07:55:56 +0000] "GET /products/5f129ba0d1c0333ea0aa6c5a HTTP/1.1" 500 1277 "http://localhost:5500/products" "Mozilla/5.0 (Windows NT 10.0; Win64; x64) AppleWebKit/537.36 (KHTML, like Gecko) Chrome/84.0.4147.89 Safari/537.36"
::1 - - [18/Jul/2020:07:56:02 +0000] "GET /admin/add-product HTTP/1.1" 200 2133 "-" "Mozilla/5.0 (Windows NT 10.0; Win64; x64) AppleWebKit/537.36 (KHTML, like Gecko) Chrome/84.0.4147.89 Safari/537.36"
::1 - - [18/Jul/2020:07:56:02 +0000] "GET /favicon.ico HTTP/1.1" 200 1043 "http://localhost:5500/admin/add-product" "Mozilla/5.0 (Windows NT 10.0; Win64; x64) AppleWebKit/537.36 (KHTML, like Gecko) Chrome/84.0.4147.89 Safari/537.36"
::1 - - [18/Jul/2020:07:56:04 +0000] "GET /admin/products HTTP/1.1" - - "http://localhost:5500/admin/add-product" "Mozilla/5.0 (Windows NT 10.0; Win64; x64) AppleWebKit/537.36 (KHTML, like Gecko) Chrome/84.0.4147.89 Safari/537.36"
::1 - - [18/Jul/2020:07:56:04 +0000] "GET /admin/add-product HTTP/1.1" 200 2133 "http://localhost:5500/admin/add-product" "Mozilla/5.0 (Windows NT 10.0; Win64; x64) AppleWebKit/537.36 (KHTML, like Gecko) Chrome/84.0.4147.89 Safari/537.36"
::1 - - [18/Jul/2020:07:56:04 +0000] "GET /favicon.ico HTTP/1.1" 200 1043 "http://localhost:5500/admin/add-product" "Mozilla/5.0 (Windows NT 10.0; Win64; x64) AppleWebKit/537.36 (KHTML, like Gecko) Chrome/84.0.4147.89 Safari/537.36"
::1 - - [18/Jul/2020:07:56:05 +0000] "GET /products HTTP/1.1" 200 2954 "http://localhost:5500/admin/add-product" "Mozilla/5.0 (Windows NT 10.0; Win64; x64) AppleWebKit/537.36 (KHTML, like Gecko) Chrome/84.0.4147.89 Safari/537.36"
::1 - - [18/Jul/2020:07:56:05 +0000] "GET /favicon.ico HTTP/1.1" 200 1043 "http://localhost:5500/products" "Mozilla/5.0 (Windows NT 10.0; Win64; x64) AppleWebKit/537.36 (KHTML, like Gecko) Chrome/84.0.4147.89 Safari/537.36"
::1 - - [18/Jul/2020:07:56:07 +0000] "GET /products/5f129ba0d1c0333ea0aa6c5a HTTP/1.1" 500 1792 "http://localhost:5500/products" "Mozilla/5.0 (Windows NT 10.0; Win64; x64) AppleWebKit/537.36 (KHTML, like Gecko) Chrome/84.0.4147.89 Safari/537.36"
::1 - - [18/Jul/2020:07:57:06 +0000] "GET /admin/add-product HTTP/1.1" 200 2133 "-" "Mozilla/5.0 (Windows NT 10.0; Win64; x64) AppleWebKit/537.36 (KHTML, like Gecko) Chrome/84.0.4147.89 Safari/537.36"
::1 - - [18/Jul/2020:07:57:07 +0000] "GET /favicon.ico HTTP/1.1" 200 1043 "http://localhost:5500/admin/add-product" "Mozilla/5.0 (Windows NT 10.0; Win64; x64) AppleWebKit/537.36 (KHTML, like Gecko) Chrome/84.0.4147.89 Safari/537.36"
::1 - - [18/Jul/2020:07:57:08 +0000] "GET /products HTTP/1.1" 200 2954 "http://localhost:5500/admin/add-product" "Mozilla/5.0 (Windows NT 10.0; Win64; x64) AppleWebKit/537.36 (KHTML, like Gecko) Chrome/84.0.4147.89 Safari/537.36"
::1 - - [18/Jul/2020:07:57:09 +0000] "GET /favicon.ico HTTP/1.1" 200 1043 "http://localhost:5500/products" "Mozilla/5.0 (Windows NT 10.0; Win64; x64) AppleWebKit/537.36 (KHTML, like Gecko) Chrome/84.0.4147.89 Safari/537.36"
::1 - - [18/Jul/2020:07:57:10 +0000] "GET /products/5f129ba0d1c0333ea0aa6c5a HTTP/1.1" 200 1541 "http://localhost:5500/products" "Mozilla/5.0 (Windows NT 10.0; Win64; x64) AppleWebKit/537.36 (KHTML, like Gecko) Chrome/84.0.4147.89 Safari/537.36"
::1 - - [18/Jul/2020:07:57:10 +0000] "GET /favicon.ico HTTP/1.1" 200 1043 "http://localhost:5500/products/5f129ba0d1c0333ea0aa6c5a" "Mozilla/5.0 (Windows NT 10.0; Win64; x64) AppleWebKit/537.36 (KHTML, like Gecko) Chrome/84.0.4147.89 Safari/537.36"
::1 - - [18/Jul/2020:07:58:18 +0000] "GET / HTTP/1.1" 200 3172 "http://localhost:5500/products/5f129ba0d1c0333ea0aa6c5a" "Mozilla/5.0 (Windows NT 10.0; Win64; x64) AppleWebKit/537.36 (KHTML, like Gecko) Chrome/84.0.4147.89 Safari/537.36"
::1 - - [18/Jul/2020:07:58:18 +0000] "GET /favicon.ico HTTP/1.1" 200 1043 "http://localhost:5500/" "Mozilla/5.0 (Windows NT 10.0; Win64; x64) AppleWebKit/537.36 (KHTML, like Gecko) Chrome/84.0.4147.89 Safari/537.36"
::1 - - [18/Jul/2020:07:58:20 +0000] "GET /products HTTP/1.1" 200 2954 "http://localhost:5500/" "Mozilla/5.0 (Windows NT 10.0; Win64; x64) AppleWebKit/537.36 (KHTML, like Gecko) Chrome/84.0.4147.89 Safari/537.36"
::1 - - [18/Jul/2020:07:58:20 +0000] "GET /favicon.ico HTTP/1.1" 200 1043 "http://localhost:5500/products" "Mozilla/5.0 (Windows NT 10.0; Win64; x64) AppleWebKit/537.36 (KHTML, like Gecko) Chrome/84.0.4147.89 Safari/537.36"
::1 - - [18/Jul/2020:07:58:21 +0000] "GET /products/5f129ba0d1c0333ea0aa6c5a HTTP/1.1" 200 1541 "http://localhost:5500/products" "Mozilla/5.0 (Windows NT 10.0; Win64; x64) AppleWebKit/537.36 (KHTML, like Gecko) Chrome/84.0.4147.89 Safari/537.36"
::1 - - [18/Jul/2020:07:58:21 +0000] "GET /favicon.ico HTTP/1.1" 200 1043 "http://localhost:5500/products/5f129ba0d1c0333ea0aa6c5a" "Mozilla/5.0 (Windows NT 10.0; Win64; x64) AppleWebKit/537.36 (KHTML, like Gecko) Chrome/84.0.4147.89 Safari/537.36"
